<?xml version="1.0" encoding="utf-8"?><testsuites name="pytest tests"><testsuite name="pytest" errors="0" failures="1" skipped="0" tests="1" time="227.839" timestamp="2026-04-23T02:44:33.457083+02:00" hostname="omen-andrea"><testcase classname="journeys.test_j03_consumer_discovery_execution" name="test_j03_consumer_discovery_execution" time="227.751"><failure message="AssertionError: execution b8a6b3ad-3b1d-4fca-b67d-152a5da262d8 did not reach ['completed'] before timeout; last state=running, last payload={'id': 'b8a6b3ad-3b1d-4fca-b67d-152a5da262d8', 'workflow_definition_id': 'a078708a-cb36-4cfd-b652-c7a3427c11ae', 'workflow_version_id': '501da01c-08ce-4a89-9af5-0fb5a7e95a51', 'trigger_id': None, 'trigger_type': 'manual', 'status': 'running', 'input_parameters': {'journey': 'j03', 'customer_id': 'cust-001'}, 'workspace_id': 'df2864dd-fd55-4f85-b83f-91ee7470f2c9', 'correlation_goal_id': None, 'parent_execution_id': None, 'rerun_of_execution_id': None, 'started_at': '2026-04-23T00:45:21.259915Z', 'completed_at': None, 'sla_deadline': None, 'checkpoint_policy_snapshot': {'type': 'before_tool_invocations'}, 'created_at': '2026-04-23T00:44:58.479949Z', 'updated_at': '2026-04-23T00:45:21.260545Z'}">admin_client = &lt;journeys.conftest.AuthenticatedAsyncClient object at 0x71cac21b56d0&gt;
consumer_client = &lt;journeys.conftest.AuthenticatedAsyncClient object at 0x71cac20f0180&gt;
published_agent = {'certification': {'certification': {'agent_fqn': 'j03-test-8b67f24c-9cf3-marketplace:j03-test-8b67f24c-9cf3-published...eaders': {'X-Workspace-ID': 'df2864dd-fd55-4f85-b83f-91ee7470f2c9'}, 'id': '5a986d08-69ef-48ed-bcff-81066ea4e2ed', ...}
journey_context = JourneyContext(journey_id='j03', nodeid='journeys/test_j03_consumer_discovery_execution.py::test_j03_consumer_discovery_execution', prefix='j03-test-8b67f24c-9cf3-')
platform_ws_url = 'ws://localhost:8082'

    @pytest.mark.journey
    @pytest.mark.j03_consumer
    @pytest.mark.j03_consumer_discovery_execution
    @pytest.mark.timeout(TIMEOUT_SECONDS)
    @pytest.mark.asyncio
    async def test_j03_consumer_discovery_execution(
        admin_client: AuthenticatedAsyncClient,
        consumer_client: AuthenticatedAsyncClient,
        published_agent: dict[str, Any],
        journey_context: JourneyContext,
        platform_ws_url: str,
    ) -&gt; None:
        assert consumer_client.access_token is not None
    
        consumer_claims = _claims(consumer_client.access_token)
        consumer_user_id = UUID(str(consumer_claims["sub"]))
        workspace_id = UUID(str(published_agent["workspace_id"]))
        agent_id = str(published_agent["id"])
        admin_workspace = admin_client.clone(default_headers=_workspace_headers(workspace_id))
        consumer_workspace = consumer_client.clone(default_headers=_workspace_headers(workspace_id))
    
        browse_payload: dict[str, Any] | None = None
        intent_payload: dict[str, Any] | None = None
        listing_payload: dict[str, Any] | None = None
        quality_payload: dict[str, Any] | None = None
        conversation_payload: dict[str, Any] | None = None
        first_interaction: dict[str, Any] | None = None
        second_interaction: dict[str, Any] | None = None
        workflow_payload: dict[str, Any] | None = None
        first_execution_payload: dict[str, Any] | None = None
        second_execution_payload: dict[str, Any] | None = None
        first_reasoning_step_id: str | None = None
    
        with journey_step("Consumer signs in via Google OAuth and receives a session token"):
            assert consumer_client.refresh_token is not None
            assert consumer_claims["sub"]
            assert consumer_claims["email"].endswith("@e2e.test")
    
        with journey_step("First-time Google sign-in auto-provisions the user with the default consumer role"):
            role_names = _role_names(consumer_claims)
            links = await consumer_client.get("/api/v1/auth/oauth/links")
            audit = await admin_client.get(
                "/api/v1/admin/oauth/audit",
                params={"provider_type": "google", "user_id": str(consumer_user_id), "limit": 20},
            )
            links.raise_for_status()
            audit.raise_for_status()
            actions = {item["action"] for item in audit.json()["items"]}
            assert "workspace_member" in role_names
            assert any(item["provider_type"] == "google" for item in links.json()["items"])
            assert "user_provisioned" in actions
            assert "sign_in_succeeded" in actions
    
        with journey_step("Admin grants the consumer access to the published-agent workspace and tunes listing metadata"):
            membership = await admin_client.post(
                f"/api/v1/workspaces/{workspace_id}/members",
                json={"user_id": str(consumer_user_id), "role": "member"},
            )
            patch = await admin_workspace.patch(
                f"/api/v1/agents/{agent_id}",
                json={
                    "display_name": "Customer Identity Verifier",
                    "purpose": (
                        "Verify customer identity evidence, review onboarding packages, and "
                        "summarize KYC compliance findings with deterministic explanations."
                    ),
                    "approach": (
                        "Deterministic customer-identity verification with structured checklist "
                        "reviews, provenance-aware reasoning, and explicit escalation notes."
                    ),
                    "tags": ["kyc", "identity", "verification"],
                    "visibility_agents": ["*"],
                    "visibility_tools": ["*"],
                },
            )
            membership.raise_for_status()
            patch.raise_for_status()
            assert membership.json()["workspace_id"] == str(workspace_id)
            assert patch.json()["display_name"] == "Customer Identity Verifier"
    
        with journey_step("Consumer browses the marketplace home within the workspace scope"):
            browse_payload = await _wait_for_marketplace_search_result(
                consumer_workspace,
                query="",
                agent_id=agent_id,
            )
            assert browse_payload["has_results"] is True
            assert _find_marketplace_result(browse_payload, agent_id) is not None
    
        with journey_step('Consumer searches by intent "verify customer identity"'):
            intent_payload = await _wait_for_marketplace_search_result(
                consumer_workspace,
                query="verify customer identity",
                agent_id=agent_id,
            )
            assert intent_payload["query"] == "verify customer identity"
            assert intent_payload["has_results"] is True
    
        with journey_step("Marketplace search ranks the published agent with trust and relevance data"):
            assert intent_payload is not None
            top_result = intent_payload["results"][0]
            assert top_result["agent_id"] == agent_id
            assert top_result["relevance_score"] is not None
            assert top_result["status"] == "published"
            assert top_result["certification_status"] != "uncertified"
    
        with journey_step("Consumer inspects the published agent profile with FQN, purpose, and trust badges"):
            listing = await consumer_workspace.get(f"/api/v1/marketplace/agents/{agent_id}")
            listing.raise_for_status()
            listing_payload = listing.json()
            assert listing_payload["agent_id"] == agent_id
            assert ":" in listing_payload["fqn"]
            assert listing_payload["certification_status"] != "uncertified"
            assert listing_payload["description"]
    
        with journey_step("Consumer inspects the quality profile exposed on the marketplace listing"):
            quality = await consumer_workspace.get(f"/api/v1/marketplace/agents/{agent_id}/quality")
            quality.raise_for_status()
            quality_payload = quality.json()
            assert quality_payload["certification_compliance"] != "uncertified"
            assert isinstance(quality_payload["has_data"], bool)
            assert "satisfaction_count" in quality_payload
    
        with journey_step("Consumer starts a new conversation for the identity-verification task"):
            conversation = await consumer_workspace.post(
                "/api/v1/interactions/conversations",
                json={
                    "title": f"{journey_context.prefix}identity-review",
                    "metadata": {"journey_id": JOURNEY_ID},
                },
            )
            conversation.raise_for_status()
            conversation_payload = conversation.json()
            assert conversation_payload["workspace_id"] == str(workspace_id)
            assert conversation_payload["title"].endswith("identity-review")
    
        with journey_step("Conversation detail returns the new conversation identifier and zero initial messages"):
            assert conversation_payload is not None
            conversation_id = UUID(str(conversation_payload["id"]))
            detail = await consumer_workspace.get(f"/api/v1/interactions/conversations/{conversation_id}")
            listed = await consumer_workspace.get("/api/v1/interactions/conversations")
            detail.raise_for_status()
            listed.raise_for_status()
            assert detail.json()["id"] == str(conversation_id)
            assert detail.json()["message_count"] == 0
            assert any(item["id"] == str(conversation_id) for item in listed.json()["items"])
    
        with journey_step("Consumer opens the first interaction and transitions it to a running state"):
            assert conversation_payload is not None
            first_interaction_response = await consumer_workspace.post(
                "/api/v1/interactions/",
                json={"conversation_id": conversation_payload["id"]},
            )
            first_interaction_response.raise_for_status()
            first_interaction = first_interaction_response.json()
            ready = await consumer_workspace.post(
                f"/api/v1/interactions/{first_interaction['id']}/transition",
                json={"trigger": "ready"},
            )
            started = await consumer_workspace.post(
                f"/api/v1/interactions/{first_interaction['id']}/transition",
                json={"trigger": "start"},
            )
            ready.raise_for_status()
            started.raise_for_status()
            assert started.json()["state"] == "running"
            assert started.json()["conversation_id"] == conversation_payload["id"]
    
        with journey_step("Consumer sends the first task message into the conversation"):
            assert first_interaction is not None
            first_message = await consumer_workspace.post(
                f"/api/v1/interactions/{first_interaction['id']}/messages",
                json={"content": "Verify customer identity documents and summarize any KYC gaps."},
            )
            first_messages = await consumer_workspace.get(
                f"/api/v1/interactions/{first_interaction['id']}/messages"
            )
            first_message.raise_for_status()
            first_messages.raise_for_status()
            assert first_message.json()["message_type"] == "user"
            assert first_messages.json()["total"] == 1
    
        with journey_step("Admin provisions a single-step workflow bound to the published agent"):
            workflow = await admin_workspace.post(
                "/api/v1/workflows",
                json={
                    "name": f"{journey_context.prefix}consumer-identity-verification",
                    "description": "Journey workflow used for consumer discovery and execution coverage.",
                    "yaml_source": _workflow_yaml(str(published_agent["fqn"])),
                    "tags": ["journey", JOURNEY_ID, "consumer"],
                    "workspace_id": str(workspace_id),
                },
            )
            workflow.raise_for_status()
            workflow_payload = workflow.json()
            assert workflow_payload["workspace_id"] == str(workspace_id)
            assert workflow_payload["name"].endswith("consumer-identity-verification")
    
        conversation_ws_client = JourneyWsClient(platform_ws_url, access_token=consumer_client.access_token)
        async with subscribe_ws(conversation_ws_client, "conversation", conversation_payload["id"]) as conversation_subscription:
            conversation_events = conversation_subscription.events()
    
            with journey_step("Consumer subscribes to conversation-scoped websocket updates"):
                assert conversation_subscription.channel == "conversation"
                assert conversation_subscription.resource_id == conversation_payload["id"]
                assert conversation_subscription.received_events == []
    
            first_mock = await admin_client.post(
                "/api/v1/_e2e/mock-llm/set-response",
                json={
                    "prompt_pattern": "agent_response",
                    "response": "Customer identity verified. Passport, selfie, and proof-of-address passed deterministic checks.",
                    "streaming_chunks": ["Customer identity verified.", " Passport, selfie, and proof-of-address passed.", " Deterministic checks completed."],
                },
            )
            first_mock.raise_for_status()
            first_execution = await consumer_workspace.post(
                "/api/v1/executions",
                json={
                    "workflow_definition_id": workflow_payload["id"],
                    "workspace_id": str(workspace_id),
                    "trigger_type": "manual",
                    "input_parameters": {"customer_id": "cust-001", "journey": JOURNEY_ID},
                    "correlation_conversation_id": conversation_payload["id"],
                    "correlation_interaction_id": first_interaction["id"],
                },
            )
            first_execution.raise_for_status()
            first_execution_payload = first_execution.json()
            first_execution_ws_client = JourneyWsClient(
                platform_ws_url,
                access_token=consumer_client.access_token,
            )
            first_reasoning_ws_client = JourneyWsClient(
                platform_ws_url,
                access_token=consumer_client.access_token,
            )
    
            async with subscribe_ws(
                first_execution_ws_client,
                "execution",
                first_execution_payload["id"],
            ) as execution_subscription, subscribe_ws(
                first_reasoning_ws_client,
                "reasoning",
                first_execution_payload["id"],
            ) as reasoning_subscription:
                execution_events = execution_subscription.events()
                reasoning_events = reasoning_subscription.events()
    
                with journey_step("First execution is created and execution plus reasoning websocket channels attach successfully"):
                    assert first_mock.json()["queue_depth"]["agent_response"] &gt;= 1
                    assert first_execution_payload["workspace_id"] == str(workspace_id)
                    assert first_execution_payload["correlation_goal_id"] is None
                    assert execution_subscription.resource_id == first_execution_payload["id"]
                    assert reasoning_subscription.resource_id == first_execution_payload["id"]
    
                with journey_step("The first execution reaches completion and execution websocket updates remain in causal order"):
                    first_runtime_event = await _wait_for_ws_event(
                        execution_events,
                        lambda event: _execution_status(event) in {"running", "completed"}
                        or _gateway_event_type(event) != "event",
                        timeout=120.0,
                        description="first execution runtime event",
                    )
&gt;                   first_execution_record = await wait_for_execution(
                        consumer_workspace,
                        first_execution_payload["id"],
                        timeout=180.0,
                        expected_states=("completed",),
                    )

journeys/test_j03_consumer_discovery_execution.py:441: 
_ _ _ _ _ _ _ _ _ _ _ _ _ _ _ _ _ _ _ _ _ _ _ _ _ _ _ _ _ _ _ _ _ _ _ _ _ _ _ _ 

client = &lt;journeys.conftest.AuthenticatedAsyncClient object at 0x71cac20f5590&gt;
execution_id = 'b8a6b3ad-3b1d-4fca-b67d-152a5da262d8', timeout = 180.0
expected_states = ('completed',)

    async def wait_for_execution(
        client,
        execution_id: str,
        timeout: float = 60.0,
        expected_states: Iterable[str] = ("completed",),
    ) -&gt; dict[str, Any]:
        expected = {state for state in expected_states}
        deadline = asyncio.get_running_loop().time() + timeout
        last_payload: dict[str, Any] | None = None
        last_state = "unknown"
    
        while asyncio.get_running_loop().time() &lt; deadline:
            response = await client.get(f"/api/v1/executions/{execution_id}")
            response.raise_for_status()
            last_payload = response.json()
            last_state = str(last_payload.get("status", "unknown"))
            if last_state in expected:
                return last_payload
            await asyncio.sleep(1.0)
    
&gt;       raise AssertionError(
            f"execution {execution_id} did not reach {sorted(expected)} before timeout; "
            f"last state={last_state}, last payload={last_payload}"
        )
E       AssertionError: execution b8a6b3ad-3b1d-4fca-b67d-152a5da262d8 did not reach ['completed'] before timeout; last state=running, last payload={'id': 'b8a6b3ad-3b1d-4fca-b67d-152a5da262d8', 'workflow_definition_id': 'a078708a-cb36-4cfd-b652-c7a3427c11ae', 'workflow_version_id': '501da01c-08ce-4a89-9af5-0fb5a7e95a51', 'trigger_id': None, 'trigger_type': 'manual', 'status': 'running', 'input_parameters': {'journey': 'j03', 'customer_id': 'cust-001'}, 'workspace_id': 'df2864dd-fd55-4f85-b83f-91ee7470f2c9', 'correlation_goal_id': None, 'parent_execution_id': None, 'rerun_of_execution_id': None, 'started_at': '2026-04-23T00:45:21.259915Z', 'completed_at': None, 'sla_deadline': None, 'checkpoint_policy_snapshot': {'type': 'before_tool_invocations'}, 'created_at': '2026-04-23T00:44:58.479949Z', 'updated_at': '2026-04-23T00:45:21.260545Z'}

journeys/helpers/executions.py:28: AssertionError</failure></testcase></testsuite></testsuites>