<?xml version='1.0' encoding='utf-8'?>
<testsuites><testsuite name="j01" tests="20" failures="0"><testcase classname="j01" name="journeys/test_j01_admin_bootstrap.py::test_j01_admin_bootstrap :: step 1 :: Admin logs in with bootstrap access and has platform-admin authority" time="0.000" /><testcase classname="j01" name="journeys/test_j01_admin_bootstrap.py::test_j01_admin_bootstrap :: step 2 :: Admin enrolls TOTP MFA for the bootstrap session" time="1.964" /><testcase classname="j01" name="journeys/test_j01_admin_bootstrap.py::test_j01_admin_bootstrap :: step 3 :: Admin confirms MFA enrollment using the live TOTP code" time="0.079" /><testcase classname="j01" name="journeys/test_j01_admin_bootstrap.py::test_j01_admin_bootstrap :: step 4 :: Admin sees the OAuth provider admin inventory" time="0.035" /><testcase classname="j01" name="journeys/test_j01_admin_bootstrap.py::test_j01_admin_bootstrap :: step 5 :: Admin configures the Google OAuth provider for the login page" time="0.051" /><testcase classname="j01" name="journeys/test_j01_admin_bootstrap.py::test_j01_admin_bootstrap :: step 6 :: Admin configures the GitHub OAuth provider for the login page" time="0.061" /><testcase classname="j01" name="journeys/test_j01_admin_bootstrap.py::test_j01_admin_bootstrap :: step 7 :: Admin verifies both OAuth providers are visible to public login clients" time="0.029" /><testcase classname="j01" name="journeys/test_j01_admin_bootstrap.py::test_j01_admin_bootstrap :: step 8 :: Admin creates the first production workspace" time="0.064" /><testcase classname="j01" name="journeys/test_j01_admin_bootstrap.py::test_j01_admin_bootstrap :: step 9 :: Admin creates the platform-core namespace inside the workspace" time="0.043" /><testcase classname="j01" name="journeys/test_j01_admin_bootstrap.py::test_j01_admin_bootstrap :: step 10 :: Admin creates the finance-ops namespace for regulated automations" time="0.032" /><testcase classname="j01" name="journeys/test_j01_admin_bootstrap.py::test_j01_admin_bootstrap :: step 11 :: Admin invites a first workspace user with a viewer role" time="0.050" /><testcase classname="j01" name="journeys/test_j01_admin_bootstrap.py::test_j01_admin_bootstrap :: step 12 :: Admin configures workspace-level visibility grants" time="0.082" /><testcase classname="j01" name="journeys/test_j01_admin_bootstrap.py::test_j01_admin_bootstrap :: step 13 :: Admin creates the first workspace guardrail policy" time="0.025" /><testcase classname="j01" name="journeys/test_j01_admin_bootstrap.py::test_j01_admin_bootstrap :: step 14 :: Admin registers the observer governance agent" time="0.153" /><testcase classname="j01" name="journeys/test_j01_admin_bootstrap.py::test_j01_admin_bootstrap :: step 15 :: Admin registers the judge governance agent" time="0.084" /><testcase classname="j01" name="journeys/test_j01_admin_bootstrap.py::test_j01_admin_bootstrap :: step 16 :: Admin registers the enforcer governance agent" time="0.067" /><testcase classname="j01" name="journeys/test_j01_admin_bootstrap.py::test_j01_admin_bootstrap :: step 17 :: Admin configures the governance chain observer to judge to enforcer" time="0.133" /><testcase classname="j01" name="journeys/test_j01_admin_bootstrap.py::test_j01_admin_bootstrap :: step 18 :: Admin configures default alert preferences for the bootstrap user" time="0.029" /><testcase classname="j01" name="journeys/test_j01_admin_bootstrap.py::test_j01_admin_bootstrap :: step 19 :: An invited collaborator joins the workspace with the assigned role" time="0.085" /><testcase classname="j01" name="journeys/test_j01_admin_bootstrap.py::test_j01_admin_bootstrap :: step 20 :: Final state confirms workspace detail, namespaces, governance chain, alerts, and members" time="0.183" /></testsuite><testsuite name="j02" tests="25" failures="0"><testcase classname="j02" name="journeys/test_j02_creator_to_publication.py::test_j02_creator_to_publication[oauth_github] :: step 1 :: Creator signs in via GitHub OAuth and receives a session token" time="0.000" /><testcase classname="j02" name="journeys/test_j02_creator_to_publication.py::test_j02_creator_to_publication[oauth_github] :: step 2 :: Creator session carries workspace-admin RBAC from the GitHub provider mapping" time="0.000" /><testcase classname="j02" name="journeys/test_j02_creator_to_publication.py::test_j02_creator_to_publication[oauth_github] :: step 3 :: Admin grants the creator access to the primary and shadow workspaces" time="0.060" /><testcase classname="j02" name="journeys/test_j02_creator_to_publication.py::test_j02_creator_to_publication[oauth_github] :: step 4 :: Creator opens the primary workspace and selects the finance-ops namespace" time="0.015" /><testcase classname="j02" name="journeys/test_j02_creator_to_publication.py::test_j02_creator_to_publication[oauth_github] :: step 5 :: Admin narrows primary visibility to finance agents and isolates the shadow workspace" time="0.029" /><testcase classname="j02" name="journeys/test_j02_creator_to_publication.py::test_j02_creator_to_publication[oauth_github] :: step 6 :: Creator registers a KYC verifier with a complete manifest and packaged revision" time="0.044" /><testcase classname="j02" name="journeys/test_j02_creator_to_publication.py::test_j02_creator_to_publication[oauth_github] :: step 7 :: Creator patches visibility patterns, tags, and descriptive metadata on the agent profile" time="0.015" /><testcase classname="j02" name="journeys/test_j02_creator_to_publication.py::test_j02_creator_to_publication[oauth_github] :: step 8 :: Registry exposes the immutable revision digest for the uploaded package" time="0.018" /><testcase classname="j02" name="journeys/test_j02_creator_to_publication.py::test_j02_creator_to_publication[oauth_github] :: step 9 :: FQN resolution returns the newly registered agent with the long-form purpose intact" time="0.007" /><testcase classname="j02" name="journeys/test_j02_creator_to_publication.py::test_j02_creator_to_publication[oauth_github] :: step 10 :: Creator authors a workspace policy and attaches it to the uploaded revision" time="0.036" /><testcase classname="j02" name="journeys/test_j02_creator_to_publication.py::test_j02_creator_to_publication[oauth_github] :: step 11 :: Trust reviewer approves certification for the current revision with evidence" time="0.197" /><testcase classname="j02" name="journeys/test_j02_creator_to_publication.py::test_j02_creator_to_publication[oauth_github] :: step 12 :: Certification history shows an active record tied to the current revision" time="0.006" /><testcase classname="j02" name="journeys/test_j02_creator_to_publication.py::test_j02_creator_to_publication[oauth_github] :: step 13 :: Creator promotes the agent lifecycle from draft to validated" time="0.008" /><testcase classname="j02" name="journeys/test_j02_creator_to_publication.py::test_j02_creator_to_publication[oauth_github] :: step 14 :: Creator raises the maturity level to a production-ready tier" time="0.008" /><testcase classname="j02" name="journeys/test_j02_creator_to_publication.py::test_j02_creator_to_publication[oauth_github] :: step 15 :: Creator publishes the certified agent to the marketplace" time="0.018" /><testcase classname="j02" name="journeys/test_j02_creator_to_publication.py::test_j02_creator_to_publication[oauth_github] :: step 16 :: Marketplace listing appears in the primary workspace with trust-related fields" time="0.022" /><testcase classname="j02" name="journeys/test_j02_creator_to_publication.py::test_j02_creator_to_publication[oauth_github] :: step 17 :: Marketplace intent search for KYC verification finds the published agent" time="0.020" /><testcase classname="j02" name="journeys/test_j02_creator_to_publication.py::test_j02_creator_to_publication[oauth_github] :: step 18 :: The same listing is blocked from a shadow workspace outside the configured visibility scope" time="0.018" /><testcase classname="j02" name="journeys/test_j02_creator_to_publication.py::test_j02_creator_to_publication[oauth_github] :: step 19 :: Registry FQN-pattern discovery returns the published agent in the finance namespace" time="0.014" /><testcase classname="j02" name="journeys/test_j02_creator_to_publication.py::test_j02_creator_to_publication[oauth_github] :: step 20 :: Purpose and approach text remain searchable through registry keyword search" time="0.013" /><testcase classname="j02" name="journeys/test_j02_creator_to_publication.py::test_j02_creator_to_publication[oauth_github] :: step 21 :: Creator seeds a minimal evaluation set and benchmark case for the published agent" time="0.036" /><testcase classname="j02" name="journeys/test_j02_creator_to_publication.py::test_j02_creator_to_publication[oauth_github] :: step 22 :: Quick evaluation run is created for the published agent and reaches a terminal state" time="0.028" /><testcase classname="j02" name="journeys/test_j02_creator_to_publication.py::test_j02_creator_to_publication[oauth_github] :: step 23 :: Evaluation history endpoints store the run and expose per-case verdict data" time="0.018" /><testcase classname="j02" name="journeys/test_j02_creator_to_publication.py::test_j02_creator_to_publication[oauth_github] :: step 24 :: AgentOps gate-check records the published revision state for downstream promotion decisions" time="0.095" /><testcase classname="j02" name="journeys/test_j02_creator_to_publication.py::test_j02_creator_to_publication[oauth_github] :: step 25 :: Final state confirms the agent is certified, published, discoverable, and backed by evaluation history" time="0.040" /></testsuite><testsuite name="j03" tests="24" failures="0"><testcase classname="j03" name="journeys/test_j03_consumer_discovery_execution.py::test_j03_consumer_discovery_execution[oauth_google] :: step 1 :: Consumer signs in via Google OAuth and receives a session token" time="0.000" /><testcase classname="j03" name="journeys/test_j03_consumer_discovery_execution.py::test_j03_consumer_discovery_execution[oauth_google] :: step 2 :: Google sign-in yields a provisioned consumer with the default role" time="0.042" /><testcase classname="j03" name="journeys/test_j03_consumer_discovery_execution.py::test_j03_consumer_discovery_execution[oauth_google] :: step 3 :: Admin grants the consumer access to the published-agent workspace and tunes listing metadata" time="0.080" /><testcase classname="j03" name="journeys/test_j03_consumer_discovery_execution.py::test_j03_consumer_discovery_execution[oauth_google] :: step 4 :: Admin classifies the published agent and verifies tag plus label catalog filtering" time="0.093" /><testcase classname="j03" name="journeys/test_j03_consumer_discovery_execution.py::test_j03_consumer_discovery_execution[oauth_google] :: step 5 :: Consumer browses the marketplace home within the workspace scope" time="0.044" /><testcase classname="j03" name="journeys/test_j03_consumer_discovery_execution.py::test_j03_consumer_discovery_execution[oauth_google] :: step 6 :: Consumer searches by intent &quot;verify customer identity&quot;" time="0.033" /><testcase classname="j03" name="journeys/test_j03_consumer_discovery_execution.py::test_j03_consumer_discovery_execution[oauth_google] :: step 7 :: Marketplace search ranks the published agent with trust and relevance data" time="0.000" /><testcase classname="j03" name="journeys/test_j03_consumer_discovery_execution.py::test_j03_consumer_discovery_execution[oauth_google] :: step 8 :: Consumer inspects the published agent profile with FQN, purpose, and trust badges" time="0.024" /><testcase classname="j03" name="journeys/test_j03_consumer_discovery_execution.py::test_j03_consumer_discovery_execution[oauth_google] :: step 9 :: Consumer inspects the quality profile exposed on the marketplace listing" time="0.016" /><testcase classname="j03" name="journeys/test_j03_consumer_discovery_execution.py::test_j03_consumer_discovery_execution[oauth_google] :: step 10 :: Consumer starts a new conversation for the identity-verification task" time="0.016" /><testcase classname="j03" name="journeys/test_j03_consumer_discovery_execution.py::test_j03_consumer_discovery_execution[oauth_google] :: step 11 :: Conversation detail returns the new conversation identifier and zero initial messages" time="0.028" /><testcase classname="j03" name="journeys/test_j03_consumer_discovery_execution.py::test_j03_consumer_discovery_execution[oauth_google] :: step 12 :: Consumer opens the first interaction and transitions it to a running state" time="0.111" /><testcase classname="j03" name="journeys/test_j03_consumer_discovery_execution.py::test_j03_consumer_discovery_execution[oauth_google] :: step 13 :: Consumer sends the first task message into the conversation" time="0.029" /><testcase classname="j03" name="journeys/test_j03_consumer_discovery_execution.py::test_j03_consumer_discovery_execution[oauth_google] :: step 14 :: Admin provisions a single-step workflow bound to the published agent" time="0.066" /><testcase classname="j03" name="journeys/test_j03_consumer_discovery_execution.py::test_j03_consumer_discovery_execution[oauth_google] :: step 15 :: Consumer subscribes to conversation-scoped websocket updates" time="0.000" /><testcase classname="j03" name="journeys/test_j03_consumer_discovery_execution.py::test_j03_consumer_discovery_execution[oauth_google] :: step 16 :: First execution is created and execution plus reasoning websocket channels attach successfully" time="0.000" /><testcase classname="j03" name="journeys/test_j03_consumer_discovery_execution.py::test_j03_consumer_discovery_execution[oauth_google] :: step 17 :: The first execution reaches completion and execution websocket updates remain in causal order" time="0.097" /><testcase classname="j03" name="journeys/test_j03_consumer_discovery_execution.py::test_j03_consumer_discovery_execution[oauth_google] :: step 18 :: Reasoning websocket updates and the persisted reasoning trace expose live execution metadata" time="18.684" /><testcase classname="j03" name="journeys/test_j03_consumer_discovery_execution.py::test_j03_consumer_discovery_execution[oauth_google] :: step 19 :: Task plan and execution journal expose provenance, selected agents, and timeline data" time="0.017" /><testcase classname="j03" name="journeys/test_j03_consumer_discovery_execution.py::test_j03_consumer_discovery_execution[oauth_google] :: step 20 :: Consumer injects follow-up context into the running conversation after reviewing the first result" time="0.011" /><testcase classname="j03" name="journeys/test_j03_consumer_discovery_execution.py::test_j03_consumer_discovery_execution[oauth_google] :: step 21 :: The first interaction is completed and a second interaction starts in the same conversation" time="0.040" /><testcase classname="j03" name="journeys/test_j03_consumer_discovery_execution.py::test_j03_consumer_discovery_execution[oauth_google] :: step 22 :: The second task message is sent and conversation websocket events preserve the causal sequence" time="0.009" /><testcase classname="j03" name="journeys/test_j03_consumer_discovery_execution.py::test_j03_consumer_discovery_execution[oauth_google] :: step 23 :: Consumer configures completion-only alerts, runs the second task, and receives a notification" time="0.087" /><testcase classname="j03" name="journeys/test_j03_consumer_discovery_execution.py::test_j03_consumer_discovery_execution[oauth_google] :: step 24 :: Conversation history ends with two completed interactions and both execution traces persisted" time="0.023" /></testsuite><testsuite name="j04" tests="22" failures="0"><testcase classname="j04" name="journeys/test_j04_workspace_goal_collaboration.py::test_j04_workspace_goal_collaboration :: step 1 :: Collaborator signs in via Google OAuth and receives a session token" time="0.000" /><testcase classname="j04" name="journeys/test_j04_workspace_goal_collaboration.py::test_j04_workspace_goal_collaboration :: step 2 :: Admin grants the collaborator workspace membership and admin authority" time="0.057" /><testcase classname="j04" name="journeys/test_j04_workspace_goal_collaboration.py::test_j04_workspace_goal_collaboration :: step 3 :: Collaborator opens the prepared workspace and sees four subscribed agents" time="0.017" /><testcase classname="j04" name="journeys/test_j04_workspace_goal_collaboration.py::test_j04_workspace_goal_collaboration :: step 4 :: Collaborator creates a fresh workspace goal and receives a READY state with a GID" time="0.026" /><testcase classname="j04" name="journeys/test_j04_workspace_goal_collaboration.py::test_j04_workspace_goal_collaboration :: step 5 :: Collaborator clears unread alerts and opens websocket auto-subscriptions" time="3.346" /><testcase classname="j04" name="journeys/test_j04_workspace_goal_collaboration.py::test_j04_workspace_goal_collaboration :: step 6 :: Collaborator creates a conversation and links an interaction to the goal" time="0.177" /><testcase classname="j04" name="journeys/test_j04_workspace_goal_collaboration.py::test_j04_workspace_goal_collaboration :: step 7 :: Collaborator posts the first goal message and echoes the goal GID" time="0.017" /><testcase classname="j04" name="journeys/test_j04_workspace_goal_collaboration.py::test_j04_workspace_goal_collaboration :: step 8 :: The first goal message transitions the goal from READY to WORKING" time="0.013" /><testcase classname="j04" name="journeys/test_j04_workspace_goal_collaboration.py::test_j04_workspace_goal_collaboration :: step 9 :: Response decision rationale records respond for relevant agents and skip for the notifier" time="0.155" /><testcase classname="j04" name="journeys/test_j04_workspace_goal_collaboration.py::test_j04_workspace_goal_collaboration :: step 10 :: The market-data agent responds because the request is relevant to market analysis" time="0.028" /><testcase classname="j04" name="journeys/test_j04_workspace_goal_collaboration.py::test_j04_workspace_goal_collaboration :: step 11 :: The risk-analysis agent responds because the request is relevant to hedging risk" time="0.060" /><testcase classname="j04" name="journeys/test_j04_workspace_goal_collaboration.py::test_j04_workspace_goal_collaboration :: step 12 :: The client-advisory agent responds because the request is relevant to client guidance" time="0.188" /><testcase classname="j04" name="journeys/test_j04_workspace_goal_collaboration.py::test_j04_workspace_goal_collaboration :: step 13 :: The notification agent is skipped and does not post a goal response" time="0.042" /><testcase classname="j04" name="journeys/test_j04_workspace_goal_collaboration.py::test_j04_workspace_goal_collaboration :: step 14 :: All first-round responses preserve the same GID header and use agent FQNs as participants" time="0.000" /><testcase classname="j04" name="journeys/test_j04_workspace_goal_collaboration.py::test_j04_workspace_goal_collaboration :: step 15 :: Collaborator posts a follow-up steering the team toward green energy focus" time="0.022" /><testcase classname="j04" name="journeys/test_j04_workspace_goal_collaboration.py::test_j04_workspace_goal_collaboration :: step 16 :: Relevant agents incorporate the green-energy follow-up in their next responses" time="0.077" /><testcase classname="j04" name="journeys/test_j04_workspace_goal_collaboration.py::test_j04_workspace_goal_collaboration :: step 17 :: A relevant agent raises an attention request linked to the goal and interaction" time="0.028" /><testcase classname="j04" name="journeys/test_j04_workspace_goal_collaboration.py::test_j04_workspace_goal_collaboration :: step 18 :: WebSocket delivers the attention request with the expected payload" time="2.994" /><testcase classname="j04" name="journeys/test_j04_workspace_goal_collaboration.py::test_j04_workspace_goal_collaboration :: step 19 :: Collaborator sees the attention notification persisted in the inbox" time="0.015" /><testcase classname="j04" name="journeys/test_j04_workspace_goal_collaboration.py::test_j04_workspace_goal_collaboration :: step 20 :: Collaborator resolves the attention request after reviewing the alert" time="0.014" /><testcase classname="j04" name="journeys/test_j04_workspace_goal_collaboration.py::test_j04_workspace_goal_collaboration :: step 21 :: Collaborator marks the goal COMPLETE and the API rejects any subsequent goal message" time="0.021" /><testcase classname="j04" name="journeys/test_j04_workspace_goal_collaboration.py::test_j04_workspace_goal_collaboration :: step 22 :: Kafka event logs preserve the same GID downstream and the final goal thread stays consistent" time="0.019" /></testsuite><testsuite name="j05" tests="24" failures="0"><testcase classname="j05" name="journeys/test_j05_trust_governance_pipeline.py::test_j05_trust_governance_pipeline :: step 1 :: Trust reviewer signs in with trust-review authority" time="0.000" /><testcase classname="j05" name="journeys/test_j05_trust_governance_pipeline.py::test_j05_trust_governance_pipeline :: step 2 :: Reviewer opens the seeded governance workspace and executor profile" time="0.077" /><testcase classname="j05" name="journeys/test_j05_trust_governance_pipeline.py::test_j05_trust_governance_pipeline :: step 3 :: Reviewer creates a workspace safety policy that blocks PII disclosure" time="0.031" /><testcase classname="j05" name="journeys/test_j05_trust_governance_pipeline.py::test_j05_trust_governance_pipeline :: step 4 :: Reviewer labels the executor and saves a label-expression scoped policy" time="0.123" /><testcase classname="j05" name="journeys/test_j05_trust_governance_pipeline.py::test_j05_trust_governance_pipeline :: step 5 :: Reviewer attaches the safety policy to the executor revision" time="0.015" /><testcase classname="j05" name="journeys/test_j05_trust_governance_pipeline.py::test_j05_trust_governance_pipeline :: step 6 :: Reviewer configures the Observer to Judge to Enforcer governance chain" time="0.071" /><testcase classname="j05" name="journeys/test_j05_trust_governance_pipeline.py::test_j05_trust_governance_pipeline :: step 7 :: Workspace governance-chain projection returns the active chain" time="0.022" /><testcase classname="j05" name="journeys/test_j05_trust_governance_pipeline.py::test_j05_trust_governance_pipeline :: step 8 :: Safety pre-screener blocks an obvious instruction-injection violation" time="0.032" /><testcase classname="j05" name="journeys/test_j05_trust_governance_pipeline.py::test_j05_trust_governance_pipeline :: step 9 :: Trust event stream records the pre-screener block" time="0.021" /><testcase classname="j05" name="journeys/test_j05_trust_governance_pipeline.py::test_j05_trust_governance_pipeline :: step 10 :: A subtle violation is routed through the full governance pipeline" time="0.026" /><testcase classname="j05" name="journeys/test_j05_trust_governance_pipeline.py::test_j05_trust_governance_pipeline :: step 11 :: Judge emits a violation verdict event with an auditable rationale source" time="0.016" /><testcase classname="j05" name="journeys/test_j05_trust_governance_pipeline.py::test_j05_trust_governance_pipeline :: step 12 :: Reviewer stores a direct governance verdict projection for audit lookup" time="0.044" /><testcase classname="j05" name="journeys/test_j05_trust_governance_pipeline.py::test_j05_trust_governance_pipeline :: step 13 :: Enforcer blocks the action and writes an enforcement record" time="0.032" /><testcase classname="j05" name="journeys/test_j05_trust_governance_pipeline.py::test_j05_trust_governance_pipeline :: step 14 :: Operator-facing governance event records the enforcement action" time="0.020" /><testcase classname="j05" name="journeys/test_j05_trust_governance_pipeline.py::test_j05_trust_governance_pipeline :: step 15 :: Audit event lookup accepts the enforcement correlation identifier" time="0.021" /><testcase classname="j05" name="journeys/test_j05_trust_governance_pipeline.py::test_j05_trust_governance_pipeline :: step 16 :: Reviewer attaches a behavioral contract with response-time and accuracy thresholds" time="0.028" /><testcase classname="j05" name="journeys/test_j05_trust_governance_pipeline.py::test_j05_trust_governance_pipeline :: step 17 :: Contract breach execution is blocked and publishes a trust surveillance signal" time="0.058" /><testcase classname="j05" name="journeys/test_j05_trust_governance_pipeline.py::test_j05_trust_governance_pipeline :: step 18 :: Trust score remains queryable after the breach signal" time="0.019" /><testcase classname="j05" name="journeys/test_j05_trust_governance_pipeline.py::test_j05_trust_governance_pipeline :: step 19 :: Third-party certification is requested and approved for marketplace trust display" time="0.075" /><testcase classname="j05" name="journeys/test_j05_trust_governance_pipeline.py::test_j05_trust_governance_pipeline :: step 20 :: Marketplace badge is visible after publishing the certified agent" time="0.044" /><testcase classname="j05" name="journeys/test_j05_trust_governance_pipeline.py::test_j05_trust_governance_pipeline :: step 21 :: Surveillance recertification trigger is represented as a trust signal" time="0.033" /><testcase classname="j05" name="journeys/test_j05_trust_governance_pipeline.py::test_j05_trust_governance_pipeline :: step 22 :: Reviewer decommissions the non-compliant agent from marketplace discovery" time="0.029" /><testcase classname="j05" name="journeys/test_j05_trust_governance_pipeline.py::test_j05_trust_governance_pipeline :: step 23 :: Historical agent data remains available by direct registry lookup" time="0.039" /><testcase classname="j05" name="journeys/test_j05_trust_governance_pipeline.py::test_j05_trust_governance_pipeline :: step 24 :: Final state confirms policy, verdict, enforcement, contract, certification, and signal" time="0.000" /></testsuite><testsuite name="j06" tests="26" failures="0"><testcase classname="j06" name="journeys/test_j06_operator_incident_response.py::test_j06_operator_incident_response :: step 1 :: Operator signs in with platform-operator authority" time="0.000" /><testcase classname="j06" name="journeys/test_j06_operator_incident_response.py::test_j06_operator_incident_response :: step 2 :: Operator opens the workload workspace and seeded fleet" time="0.029" /><testcase classname="j06" name="journeys/test_j06_operator_incident_response.py::test_j06_operator_incident_response :: step 3 :: Operator reads runtime warm-pool capacity and available-pod metrics" time="0.005" /><testcase classname="j06" name="journeys/test_j06_operator_incident_response.py::test_j06_operator_incident_response :: step 4 :: Operator verifies the preloaded workload has active and queued executions" time="0.000" /><testcase classname="j06" name="journeys/test_j06_operator_incident_response.py::test_j06_operator_incident_response :: step 5 :: Operator creates a checkpointed long-running execution" time="0.009" /><testcase classname="j06" name="journeys/test_j06_operator_incident_response.py::test_j06_operator_incident_response :: step 6 :: Execution event stream exposes the created checkpoint" time="0.007" /><testcase classname="j06" name="journeys/test_j06_operator_incident_response.py::test_j06_operator_incident_response :: step 7 :: Operator forces a runtime pod kill through the E2E chaos endpoint" time="0.008" /><testcase classname="j06" name="journeys/test_j06_operator_incident_response.py::test_j06_operator_incident_response :: step 8 :: Heartbeat-driven recovery is surfaced by a terminal execution state" time="0.005" /><testcase classname="j06" name="journeys/test_j06_operator_incident_response.py::test_j06_operator_incident_response :: step 9 :: Operator rolls the execution back to the last observed checkpoint" time="0.007" /><testcase classname="j06" name="journeys/test_j06_operator_incident_response.py::test_j06_operator_incident_response :: step 10 :: Rollback resume check confirms execution state was not restarted from scratch" time="0.005" /><testcase classname="j06" name="journeys/test_j06_operator_incident_response.py::test_j06_operator_incident_response :: step 11 :: Rollback and completion are visible in the execution journal" time="0.005" /><testcase classname="j06" name="journeys/test_j06_operator_incident_response.py::test_j06_operator_incident_response :: step 12 :: Operator inspects execution timeline and reasoning trace after recovery" time="0.010" /><testcase classname="j06" name="journeys/test_j06_operator_incident_response.py::test_j06_operator_incident_response :: step 13 :: Operator reviews governance verdicts generated during incident handling" time="0.013" /><testcase classname="j06" name="journeys/test_j06_operator_incident_response.py::test_j06_operator_incident_response :: step 14 :: Operator records an enforcement action for the runtime incident" time="0.008" /><testcase classname="j06" name="journeys/test_j06_operator_incident_response.py::test_j06_operator_incident_response :: step 15 :: Operator injects low-priority and urgent executions for queue reprioritization" time="0.019" /><testcase classname="j06" name="journeys/test_j06_operator_incident_response.py::test_j06_operator_incident_response :: step 16 :: Urgent execution is reprioritized and completes no later than the low-priority run" time="0.020" /><testcase classname="j06" name="journeys/test_j06_operator_incident_response.py::test_j06_operator_incident_response :: step 17 :: Operator opens analytics usage and cost-intelligence dashboards" time="0.046" /><testcase classname="j06" name="journeys/test_j06_operator_incident_response.py::test_j06_operator_incident_response :: step 18 :: AgentOps drift signal is generated from the incident outcome" time="0.010" /><testcase classname="j06" name="journeys/test_j06_operator_incident_response.py::test_j06_operator_incident_response :: step 19 :: Operator saves and shares an incident triage view for the recovered agent" time="0.039" /><testcase classname="j06" name="journeys/test_j06_operator_incident_response.py::test_j06_operator_incident_response :: step 20 :: Operator reviews the adaptation proposal created from the drift signal" time="0.015" /><testcase classname="j06" name="journeys/test_j06_operator_incident_response.py::test_j06_operator_incident_response :: step 21 :: Operator approves the adaptation path by promoting the agent maturity signal" time="0.007" /><testcase classname="j06" name="journeys/test_j06_operator_incident_response.py::test_j06_operator_incident_response :: step 22 :: Operator creates a canary deployment for the recovered agent" time="0.007" /><testcase classname="j06" name="journeys/test_j06_operator_incident_response.py::test_j06_operator_incident_response :: step 23 :: Operator verifies rollback endpoint for the canary" time="0.007" /><testcase classname="j06" name="journeys/test_j06_operator_incident_response.py::test_j06_operator_incident_response :: step 24 :: Operator decommissions the recovered workload agent while preserving direct lookup" time="0.012" /><testcase classname="j06" name="journeys/test_j06_operator_incident_response.py::test_j06_operator_incident_response :: step 25 :: Admin removes the saved-view owner and verifies orphan transfer" time="0.013" /><testcase classname="j06" name="journeys/test_j06_operator_incident_response.py::test_j06_operator_incident_response :: step 26 :: Final state preserves incident response, analytics, adaptation, canary, and decommission records" time="0.000" /></testsuite><testsuite name="j07" tests="18" failures="0"><testcase classname="j07" name="journeys/test_j07_evaluator_improvement_loop.py::test_j07_evaluator_improvement_loop :: step 1 :: Evaluator signs in with evaluator authority" time="0.000" /><testcase classname="j07" name="journeys/test_j07_evaluator_improvement_loop.py::test_j07_evaluator_improvement_loop :: step 2 :: Evaluator opens the published agent profile selected for improvement" time="0.016" /><testcase classname="j07" name="journeys/test_j07_evaluator_improvement_loop.py::test_j07_evaluator_improvement_loop :: step 3 :: Evaluator creates an evaluation suite with TrajectoryScorer dimensions" time="0.007" /><testcase classname="j07" name="journeys/test_j07_evaluator_improvement_loop.py::test_j07_evaluator_improvement_loop :: step 4 :: Evaluator creates an LLM-as-Judge rubric for review rationale" time="0.010" /><testcase classname="j07" name="journeys/test_j07_evaluator_improvement_loop.py::test_j07_evaluator_improvement_loop :: step 5 :: Evaluator adds ten benchmark cases to the suite" time="0.080" /><testcase classname="j07" name="journeys/test_j07_evaluator_improvement_loop.py::test_j07_evaluator_improvement_loop :: step 6 :: Evaluator runs the ten-case suite against the published agent" time="0.016" /><testcase classname="j07" name="journeys/test_j07_evaluator_improvement_loop.py::test_j07_evaluator_improvement_loop :: step 7 :: TrajectoryScorer persists four-dimensional score data per sampled execution" time="0.086" /><testcase classname="j07" name="journeys/test_j07_evaluator_improvement_loop.py::test_j07_evaluator_improvement_loop :: step 8 :: LLM-as-Judge stores verdicts with rationale-compatible dimensions" time="0.059" /><testcase classname="j07" name="journeys/test_j07_evaluator_improvement_loop.py::test_j07_evaluator_improvement_loop :: step 9 :: Calibration repeats three cases five times and records score distribution inputs" time="0.379" /><testcase classname="j07" name="journeys/test_j07_evaluator_improvement_loop.py::test_j07_evaluator_improvement_loop :: step 10 :: Calibration summary exposes mean and standard-deviation inputs" time="0.000" /><testcase classname="j07" name="journeys/test_j07_evaluator_improvement_loop.py::test_j07_evaluator_improvement_loop :: step 11 :: Evaluation result view lists the suite run and per-case verdict data" time="0.011" /><testcase classname="j07" name="journeys/test_j07_evaluator_improvement_loop.py::test_j07_evaluator_improvement_loop :: step 12 :: Evaluator creates a second revision signal and compares it to the baseline" time="0.009" /><testcase classname="j07" name="journeys/test_j07_evaluator_improvement_loop.py::test_j07_evaluator_improvement_loop :: step 13 :: Evaluator triggers AgentOps adaptation from the observed score delta" time="0.018" /><testcase classname="j07" name="journeys/test_j07_evaluator_improvement_loop.py::test_j07_evaluator_improvement_loop :: step 14 :: Adaptation proposal review is retrievable for approval workflow" time="0.006" /><testcase classname="j07" name="journeys/test_j07_evaluator_improvement_loop.py::test_j07_evaluator_improvement_loop :: step 15 :: Approved adaptation creates a new registry revision signal" time="0.019" /><testcase classname="j07" name="journeys/test_j07_evaluator_improvement_loop.py::test_j07_evaluator_improvement_loop :: step 16 :: Evaluator reruns the suite against the improved revision" time="0.025" /><testcase classname="j07" name="journeys/test_j07_evaluator_improvement_loop.py::test_j07_evaluator_improvement_loop :: step 17 :: Re-evaluation shows the targeted dimensions improved without regression" time="0.007" /><testcase classname="j07" name="journeys/test_j07_evaluator_improvement_loop.py::test_j07_evaluator_improvement_loop :: step 18 :: Final state preserves suite, cases, scores, calibration, proposal, revision, and rerun" time="0.000" /></testsuite><testsuite name="j08" tests="19" failures="0"><testcase classname="j08" name="journeys/test_j08_external_a2a_mcp.py::test_j08_external_a2a_mcp :: step 1 :: External bearer token identifies the caller and carries usable auth claims" time="0.000" /><testcase classname="j08" name="journeys/test_j08_external_a2a_mcp.py::test_j08_external_a2a_mcp :: step 2 :: External client fetches the platform Agent Card well-known document" time="0.010" /><testcase classname="j08" name="journeys/test_j08_external_a2a_mcp.py::test_j08_external_a2a_mcp :: step 3 :: Agent Card advertises executable skills, endpoints, and bearer auth" time="0.000" /><testcase classname="j08" name="journeys/test_j08_external_a2a_mcp.py::test_j08_external_a2a_mcp :: step 4 :: External client fetches the per-agent card by FQN" time="0.008" /><testcase classname="j08" name="journeys/test_j08_external_a2a_mcp.py::test_j08_external_a2a_mcp :: step 5 :: Registry resolution confirms the card FQN maps to the published agent" time="0.008" /><testcase classname="j08" name="journeys/test_j08_external_a2a_mcp.py::test_j08_external_a2a_mcp :: step 6 :: OAuth2 bearer token authorizes a single-turn A2A task submission" time="0.011" /><testcase classname="j08" name="journeys/test_j08_external_a2a_mcp.py::test_j08_external_a2a_mcp :: step 7 :: External client fetches the A2A task status by ID" time="0.010" /><testcase classname="j08" name="journeys/test_j08_external_a2a_mcp.py::test_j08_external_a2a_mcp :: step 8 :: External client subscribes to A2A Server-Sent Events" time="0.038" /><testcase classname="j08" name="journeys/test_j08_external_a2a_mcp.py::test_j08_external_a2a_mcp :: step 9 :: A2A events preserve causal order from start to completion" time="0.000" /><testcase classname="j08" name="journeys/test_j08_external_a2a_mcp.py::test_j08_external_a2a_mcp :: step 10 :: External client starts a multi-turn A2A task requiring clarification" time="0.016" /><testcase classname="j08" name="journeys/test_j08_external_a2a_mcp.py::test_j08_external_a2a_mcp :: step 11 :: External client sends clarification as a second turn and receives completion state" time="0.020" /><testcase classname="j08" name="journeys/test_j08_external_a2a_mcp.py::test_j08_external_a2a_mcp :: step 12 :: MCP client discovers available tools through the manifest endpoint" time="0.013" /><testcase classname="j08" name="journeys/test_j08_external_a2a_mcp.py::test_j08_external_a2a_mcp :: step 13 :: MCP server metadata points clients at the tool manifest" time="0.013" /><testcase classname="j08" name="journeys/test_j08_external_a2a_mcp.py::test_j08_external_a2a_mcp :: step 14 :: MCP tool invocation routes through the tool gateway" time="0.019" /><testcase classname="j08" name="journeys/test_j08_external_a2a_mcp.py::test_j08_external_a2a_mcp :: step 15 :: Platform MCP server exposes the same tool through server-call endpoint" time="0.017" /><testcase classname="j08" name="journeys/test_j08_external_a2a_mcp.py::test_j08_external_a2a_mcp :: step 16 :: Policy output sanitizer redacts secret-like values from tool output" time="0.015" /><testcase classname="j08" name="journeys/test_j08_external_a2a_mcp.py::test_j08_external_a2a_mcp :: step 17 :: Policy enforcement is verified for the MCP call target" time="0.032" /><testcase classname="j08" name="journeys/test_j08_external_a2a_mcp.py::test_j08_external_a2a_mcp :: step 18 :: External A2A and MCP paths leave the agent profile unchanged and discoverable" time="0.011" /><testcase classname="j08" name="journeys/test_j08_external_a2a_mcp.py::test_j08_external_a2a_mcp :: step 19 :: Final state confirms A2A tasking, SSE, MCP discovery, gateway, policy, and sanitization" time="0.000" /></testsuite><testsuite name="j09" tests="17" failures="0"><testcase classname="j09" name="journeys/test_j09_scientific_discovery.py::test_j09_scientific_discovery :: step 1 :: Researcher signs in with researcher authority" time="0.000" /><testcase classname="j09" name="journeys/test_j09_scientific_discovery.py::test_j09_scientific_discovery :: step 2 :: Researcher creates a dedicated discovery workspace" time="0.066" /><testcase classname="j09" name="journeys/test_j09_scientific_discovery.py::test_j09_scientific_discovery :: step 3 :: Admin grants the researcher access to the discovery workspace" time="0.015" /><testcase classname="j09" name="journeys/test_j09_scientific_discovery.py::test_j09_scientific_discovery :: step 4 :: Researcher uploads seed observations as discovery knowledge inputs" time="0.059" /><testcase classname="j09" name="journeys/test_j09_scientific_discovery.py::test_j09_scientific_discovery :: step 5 :: Hypothesis generation produces at least the configured minimum hypotheses" time="0.000" /><testcase classname="j09" name="journeys/test_j09_scientific_discovery.py::test_j09_scientific_discovery :: step 6 :: Researcher triggers Chain of Debates on the top hypotheses" time="0.014" /><testcase classname="j09" name="journeys/test_j09_scientific_discovery.py::test_j09_scientific_discovery :: step 7 :: Debate transcript contains position, critique, rebuttal, and synthesis artifacts" time="0.201" /><testcase classname="j09" name="journeys/test_j09_scientific_discovery.py::test_j09_scientific_discovery :: step 8 :: Reasoning task plan persists the debate round step" time="0.011" /><testcase classname="j09" name="journeys/test_j09_scientific_discovery.py::test_j09_scientific_discovery :: step 9 :: Elo tournament ranking assigns a score to every hypothesis" time="0.000" /><testcase classname="j09" name="journeys/test_j09_scientific_discovery.py::test_j09_scientific_discovery :: step 10 :: Researcher computes the proximity graph for similar hypotheses" time="0.188" /><testcase classname="j09" name="journeys/test_j09_scientific_discovery.py::test_j09_scientific_discovery :: step 11 :: Proximity graph clusters similar catalyst hypotheses together" time="0.012" /><testcase classname="j09" name="journeys/test_j09_scientific_discovery.py::test_j09_scientific_discovery :: step 12 :: Generation bias identifies underrepresented clusters for the next round" time="0.000" /><testcase classname="j09" name="journeys/test_j09_scientific_discovery.py::test_j09_scientific_discovery :: step 13 :: Top-ranked hypothesis evolves into a refined variant referencing its source" time="0.012" /><testcase classname="j09" name="journeys/test_j09_scientific_discovery.py::test_j09_scientific_discovery :: step 14 :: Researcher links the refined hypothesis into the knowledge view" time="0.000" /><testcase classname="j09" name="journeys/test_j09_scientific_discovery.py::test_j09_scientific_discovery :: step 15 :: Experiment design is triggered for the top refined hypothesis" time="0.000" /><testcase classname="j09" name="journeys/test_j09_scientific_discovery.py::test_j09_scientific_discovery :: step 16 :: Structured experiment plan contains objective, variables, and success metrics" time="0.000" /><testcase classname="j09" name="journeys/test_j09_scientific_discovery.py::test_j09_scientific_discovery :: step 17 :: Final state preserves workspace, hypotheses, debate trace, clusters, evolution, and experiment" time="0.000" /></testsuite><testsuite name="j11" tests="15" failures="0"><testcase classname="j11" name="journeys/test_j11_multi_region_journey.py::test_j11_multi_region_journey :: step 1 :: Operator is authenticated for multi-region work" time="0.407" /><testcase classname="j11" name="journeys/test_j11_multi_region_journey.py::test_j11_multi_region_journey :: step 2 :: Operator reads the active workspace context" time="0.013" /><testcase classname="j11" name="journeys/test_j11_multi_region_journey.py::test_j11_multi_region_journey :: step 3 :: Operator declares or observes the primary region" time="0.015" /><testcase classname="j11" name="journeys/test_j11_multi_region_journey.py::test_j11_multi_region_journey :: step 4 :: Operator declares a secondary region" time="0.017" /><testcase classname="j11" name="journeys/test_j11_multi_region_journey.py::test_j11_multi_region_journey :: step 5 :: Operator reviews replication status" time="0.050" /><testcase classname="j11" name="journeys/test_j11_multi_region_journey.py::test_j11_multi_region_journey :: step 6 :: Operator schedules a maintenance window" time="0.019" /><testcase classname="j11" name="journeys/test_j11_multi_region_journey.py::test_j11_multi_region_journey :: step 7 :: Operator enables and verifies maintenance when scheduled" time="0.055" /><testcase classname="j11" name="journeys/test_j11_multi_region_journey.py::test_j11_multi_region_journey :: step 8 :: In-flight execution surface remains readable during maintenance" time="0.016" /><testcase classname="j11" name="journeys/test_j11_multi_region_journey.py::test_j11_multi_region_journey :: step 9 :: Advisory maintenance does not block required consent writes" time="0.032" /><testcase classname="j11" name="journeys/test_j11_multi_region_journey.py::test_j11_multi_region_journey :: step 10 :: Operator disables maintenance and read surface remains available" time="0.047" /><testcase classname="j11" name="journeys/test_j11_multi_region_journey.py::test_j11_multi_region_journey :: step 11 :: Operator creates a failover rehearsal plan" time="0.019" /><testcase classname="j11" name="journeys/test_j11_multi_region_journey.py::test_j11_multi_region_journey :: step 12 :: Operator lists failover plans after creating a rehearsal" time="0.013" /><testcase classname="j11" name="journeys/test_j11_multi_region_journey.py::test_j11_multi_region_journey :: step 13 :: Operator rehearses failover when the plan is accepted" time="0.252" /><testcase classname="j11" name="journeys/test_j11_multi_region_journey.py::test_j11_multi_region_journey :: step 14 :: Operator reviews failover run history when rehearsal completes" time="0.017" /><testcase classname="j11" name="journeys/test_j11_multi_region_journey.py::test_j11_multi_region_journey :: step 15 :: Operator inspects capacity recommendations" time="0.224" /></testsuite><testsuite name="j18" tests="12" failures="0"><testcase classname="j18" name="journeys/test_j18_super_admin_lifecycle.py::test_j18_super_admin_lifecycle :: step 1 :: Super admin can query the admin health endpoint" time="0.014" /><testcase classname="j18" name="journeys/test_j18_super_admin_lifecycle.py::test_j18_super_admin_lifecycle :: step 2 :: Super admin can persist checklist state" time="0.023" /><testcase classname="j18" name="journeys/test_j18_super_admin_lifecycle.py::test_j18_super_admin_lifecycle :: step 3 :: Super admin can create a 2PA request" time="0.172" /><testcase classname="j18" name="journeys/test_j18_super_admin_lifecycle.py::test_j18_super_admin_lifecycle :: step 4 :: Super admin can enable read-only mode" time="0.076" /><testcase classname="j18" name="journeys/test_j18_super_admin_lifecycle.py::test_j18_super_admin_lifecycle :: step 5 :: Read-only mode blocks privileged writes" time="0.006" /><testcase classname="j18" name="journeys/test_j18_super_admin_lifecycle.py::test_j18_super_admin_lifecycle :: step 6 :: Super admin can disable read-only mode" time="0.194" /><testcase classname="j18" name="journeys/test_j18_super_admin_lifecycle.py::test_j18_super_admin_lifecycle :: step 7 :: Writable session can export platform configuration" time="0.048" /><testcase classname="j18" name="journeys/test_j18_super_admin_lifecycle.py::test_j18_super_admin_lifecycle :: step 8 :: Configuration export returns a gzip bundle" time="0.000" /><testcase classname="j18" name="journeys/test_j18_super_admin_lifecycle.py::test_j18_super_admin_lifecycle :: step 9 :: Super admin can preview bulk user suspension" time="0.017" /><testcase classname="j18" name="journeys/test_j18_super_admin_lifecycle.py::test_j18_super_admin_lifecycle :: step 10 :: Bulk preview response is marked preview" time="0.000" /><testcase classname="j18" name="journeys/test_j18_super_admin_lifecycle.py::test_j18_super_admin_lifecycle :: step 11 :: Every admin page has a declared route for axe coverage" time="0.000" /><testcase classname="j18" name="journeys/test_j18_super_admin_lifecycle.py::test_j18_super_admin_lifecycle :: step 12 :: Admin route inventory covers lifecycle observability and audit pages" time="0.000" /></testsuite><testsuite name="j19" tests="20" failures="0"><testcase classname="j19" name="journeys/test_j19_new_user_signup.py::test_j19_new_user_signup :: step 1 :: Setup clears limits and enables OAuth providers" time="0.107" /><testcase classname="j19" name="journeys/test_j19_new_user_signup.py::test_j19_new_user_signup :: step 2 :: US1 visitor starts email signup" time="0.249" /><testcase classname="j19" name="journeys/test_j19_new_user_signup.py::test_j19_new_user_signup :: step 3 :: US1 visitor verifies email" time="0.042" /><testcase classname="j19" name="journeys/test_j19_new_user_signup.py::test_j19_new_user_signup :: step 4 :: US1 verified visitor logs in and reads profile" time="0.237" /><testcase classname="j19" name="journeys/test_j19_new_user_signup.py::test_j19_new_user_signup :: step 5 :: US2 tenant switches to approval mode" time="0.037" /><testcase classname="j19" name="journeys/test_j19_new_user_signup.py::test_j19_new_user_signup :: step 6 :: US2 pending user verifies email but cannot log in" time="0.649" /><testcase classname="j19" name="journeys/test_j19_new_user_signup.py::test_j19_new_user_signup :: step 7 :: US2 admin approval unlocks the pending user" time="0.334" /><testcase classname="j19" name="journeys/test_j19_new_user_signup.py::test_j19_new_user_signup :: step 8 :: US3 Google OAuth callback returns frontend fragment" time="0.101" /><testcase classname="j19" name="journeys/test_j19_new_user_signup.py::test_j19_new_user_signup :: step 9 :: US3 Google OAuth profile completion activates account" time="0.026" /><testcase classname="j19" name="journeys/test_j19_new_user_signup.py::test_j19_new_user_signup :: step 10 :: US3 GitHub OAuth organisation restriction is configured" time="0.029" /><testcase classname="j19" name="journeys/test_j19_new_user_signup.py::test_j19_new_user_signup :: step 11 :: US3 GitHub OAuth accepts an organisation member" time="0.131" /><testcase classname="j19" name="journeys/test_j19_new_user_signup.py::test_j19_new_user_signup :: step 12 :: US3 GitHub OAuth rejects an organisation outsider" time="0.111" /><testcase classname="j19" name="journeys/test_j19_new_user_signup.py::test_j19_new_user_signup :: step 13 :: US4 local account is created for link management" time="0.386" /><testcase classname="j19" name="journeys/test_j19_new_user_signup.py::test_j19_new_user_signup :: step 14 :: US4 authenticated user links GitHub provider" time="0.100" /><testcase classname="j19" name="journeys/test_j19_new_user_signup.py::test_j19_new_user_signup :: step 15 :: US4 linked providers list includes GitHub" time="0.012" /><testcase classname="j19" name="journeys/test_j19_new_user_signup.py::test_j19_new_user_signup :: step 16 :: US5 recovery account signs in before linking" time="0.394" /><testcase classname="j19" name="journeys/test_j19_new_user_signup.py::test_j19_new_user_signup :: step 17 :: US5 recovery account links Google provider" time="0.073" /><testcase classname="j19" name="journeys/test_j19_new_user_signup.py::test_j19_new_user_signup :: step 18 :: US5 linked OAuth provider recovers account access" time="0.068" /><testcase classname="j19" name="journeys/test_j19_new_user_signup.py::test_j19_new_user_signup :: step 19 :: US2 pending approval user can be seeded for rejection" time="0.152" /><testcase classname="j19" name="journeys/test_j19_new_user_signup.py::test_j19_new_user_signup :: step 20 :: US2 rejection remains terminal for a pending approval user" time="0.017" /></testsuite><testsuite name="unknown" tests="38" failures="1"><testcase classname="unknown" name="journeys/test_j15_accessibility_user.py::test_j15_keyboard_only_accessibility_contract :: step 1 :: journeys/test_j15_accessibility_user.py::test_j15_keyboard_only_accessibility_contract" time="0.000" /><testcase classname="unknown" name="journeys/test_j11_security_officer.py::test_j11_security_officer_cycle_contract :: step 1 :: journeys/test_j11_security_officer.py::test_j11_security_officer_cycle_contract" time="0.000" /><testcase classname="unknown" name="journeys/test_j12_finance_owner.py::test_j12_finance_owner_budget_chargeback_cycle_contract :: step 1 :: journeys/test_j12_finance_owner.py::test_j12_finance_owner_budget_chargeback_cycle_contract" time="0.000" /><testcase classname="unknown" name="journeys/test_j13_sre_multi_region.py::test_j13_sre_failover_cycle_contract :: step 1 :: journeys/test_j13_sre_multi_region.py::test_j13_sre_failover_cycle_contract" time="0.000" /><testcase classname="unknown" name="journeys/test_j15_accessibility_user.py::test_j15_axe_allowlist_is_empty_or_unexpired :: step 1 :: journeys/test_j15_accessibility_user.py::test_j15_axe_allowlist_is_empty_or_unexpired" time="0.000" /><testcase classname="unknown" name="journeys/test_j11_security_officer.py::test_j11_dev_dependency_cve_does_not_block_release :: step 1 :: journeys/test_j11_security_officer.py::test_j11_dev_dependency_cve_does_not_block_release" time="0.000" /><testcase classname="unknown" name="journeys/test_j12_finance_owner.py::test_j12_override_audit_references_budget_snapshot_and_scope :: step 1 :: journeys/test_j12_finance_owner.py::test_j12_override_audit_references_budget_snapshot_and_scope" time="0.000" /><testcase classname="unknown" name="journeys/test_j13_sre_multi_region.py::test_j13_secondary_not_ready_fails_fast :: step 1 :: journeys/test_j13_sre_multi_region.py::test_j13_secondary_not_ready_fails_fast" time="0.000" /><testcase classname="unknown" name="journeys/test_j15_accessibility_user.py::test_j15_frontend_source_maps_are_enabled_for_logged_errors :: step 1 :: journeys/test_j15_accessibility_user.py::test_j15_frontend_source_maps_are_enabled_for_logged_errors" time="0.000" /><testcase classname="unknown" name="journeys/test_j11_security_officer.py::test_j11_jit_credential_expiry_records_refusal :: step 1 :: journeys/test_j11_security_officer.py::test_j11_jit_credential_expiry_records_refusal" time="0.000" /><testcase classname="unknown" name="journeys/test_j13_sre_multi_region.py::test_j13_maintenance_gate_fails_open_on_redis_miss :: step 1 :: journeys/test_j13_sre_multi_region.py::test_j13_maintenance_gate_fails_open_on_redis_miss" time="0.000" /><testcase classname="unknown" name="journeys/test_j12_finance_owner.py::test_j12_forecast_confidence_interval_shape :: step 1 :: journeys/test_j12_finance_owner.py::test_j12_forecast_confidence_interval_shape" time="0.000" /><testcase classname="unknown" name="journeys/test_j15_accessibility_user.py::test_j15_ci_gate_runs_journeys_with_html_report :: step 1 :: journeys/test_j15_accessibility_user.py::test_j15_ci_gate_runs_journeys_with_html_report" time="0.000" /><testcase classname="unknown" name="journeys/test_j11_security_officer.py::test_j11_chain_integrity_post_condition :: step 1 :: journeys/test_j11_security_officer.py::test_j11_chain_integrity_post_condition" time="0.000" /><testcase classname="unknown" name="journeys/test_j13_sre_multi_region.py::test_j13_rpo_rto_metric_assertion_contract :: step 1 :: journeys/test_j13_sre_multi_region.py::test_j13_rpo_rto_metric_assertion_contract" time="0.000" /><testcase classname="unknown" name="journeys/test_j12_finance_owner.py::test_j12_cost_attribution_loki_log_assertion_contract :: step 1 :: journeys/test_j12_finance_owner.py::test_j12_cost_attribution_loki_log_assertion_contract" time="0.000" /><testcase classname="unknown" name="journeys/test_j10_privacy_officer.py::test_j10_privacy_officer_happy_path_contract :: step 1 :: journeys/test_j10_privacy_officer.py::test_j10_privacy_officer_happy_path_contract" time="0.000" /><testcase classname="unknown" name="journeys/test_j14_model_steward.py::test_j14_model_catalog_and_fallback_cycle_contract :: step 1 :: journeys/test_j14_model_steward.py::test_j14_model_catalog_and_fallback_cycle_contract" time="0.000" /><testcase classname="unknown" name="journeys/test_j16_compliance_auditor.py::test_j16_compliance_audit_export_contract :: step 1 :: journeys/test_j16_compliance_auditor.py::test_j16_compliance_audit_export_contract" time="0.000" /><testcase classname="unknown" name="journeys/test_j10_privacy_officer.py::test_j10_partial_cascade_failure_is_not_marked_completed :: step 1 :: journeys/test_j10_privacy_officer.py::test_j10_partial_cascade_failure_is_not_marked_completed" time="0.000" /><testcase classname="unknown" name="journeys/test_j14_model_steward.py::test_j14_fallback_cascade_exhaustion_contract :: step 1 :: journeys/test_j14_model_steward.py::test_j14_fallback_cascade_exhaustion_contract" time="0.000" /><testcase classname="unknown" name="journeys/test_j16_compliance_auditor.py::test_j16_broken_chain_negative_variant_names_sequence :: step 1 :: journeys/test_j16_compliance_auditor.py::test_j16_broken_chain_negative_variant_names_sequence" time="0.000" /><testcase classname="unknown" name="journeys/test_j14_model_steward.py::test_j14_grace_period_elapsed_contract :: step 1 :: journeys/test_j14_model_steward.py::test_j14_grace_period_elapsed_contract" time="0.000" /><testcase classname="unknown" name="journeys/test_j10_privacy_officer.py::test_j10_audit_chain_integrity_post_condition :: step 1 :: journeys/test_j10_privacy_officer.py::test_j10_audit_chain_integrity_post_condition" time="0.000" /><testcase classname="unknown" name="journeys/test_j16_compliance_auditor.py::test_j16_evidence_bundle_manifest_consistency :: step 1 :: journeys/test_j16_compliance_auditor.py::test_j16_evidence_bundle_manifest_consistency" time="0.000" /><testcase classname="unknown" name="journeys/test_j01_admin_bootstrap.py::test_j01_audit_pass_bootstrap_extensions_contract :: step 1 :: journeys/test_j01_admin_bootstrap.py::test_j01_audit_pass_bootstrap_extensions_contract" time="0.000" /><testcase classname="unknown" name="journeys/test_j05_trust_governance_pipeline.py::test_j05_fr520_governance_pipeline_dashboard_extension_contract :: step 1 :: journeys/test_j05_trust_governance_pipeline.py::test_j05_fr520_governance_pipeline_dashboard_extension_contract" time="0.000" /><testcase classname="unknown" name="journeys/test_j08_external_a2a_mcp.py::test_j08_fr520_webhook_rate_limit_openapi_extension_contract :: step 1 :: journeys/test_j08_external_a2a_mcp.py::test_j08_fr520_webhook_rate_limit_openapi_extension_contract" time="0.000" /><testcase classname="unknown" name="journeys/test_j17_dashboard_consumer.py::test_j17_dashboard_consumer_log_metric_trace_contract :: step 1 :: journeys/test_j17_dashboard_consumer.py::test_j17_dashboard_consumer_log_metric_trace_contract" time="0.000" /><testcase classname="unknown" name="journeys/test_j17_dashboard_consumer.py::test_j17_deterministic_correlation_scope_contract :: step 1 :: journeys/test_j17_dashboard_consumer.py::test_j17_deterministic_correlation_scope_contract" time="0.000" /><testcase classname="unknown" name="journeys/test_j02_creator_to_publication.py::test_j02_creator_audit_pass_extensions_contract :: step 1 :: journeys/test_j02_creator_to_publication.py::test_j02_creator_audit_pass_extensions_contract" time="0.000" /><testcase classname="unknown" name="journeys/test_j10_multi_channel_notifications.py::test_j10_multi_channel_notifications :: step 1 :: journeys/test_j10_multi_channel_notifications.py::test_j10_multi_channel_notifications" time="0.000"><failure message="skipped">journey step failed</failure></testcase><testcase classname="unknown" name="journeys/test_j09_scientific_discovery.py::test_j09_fr520_fairness_and_cost_attribution_extension_contract :: step 1 :: journeys/test_j09_scientific_discovery.py::test_j09_fr520_fairness_and_cost_attribution_extension_contract" time="0.000" /><testcase classname="unknown" name="journeys/test_journey_structure.py::test_all_journeys_meet_structure[all-journeys] :: step 1 :: journeys/test_journey_structure.py::test_all_journeys_meet_structure[all-journeys]" time="0.265" /><testcase classname="unknown" name="journeys/test_j04_workspace_goal_collaboration.py::test_j04_workspace_goal_audit_pass_extensions_contract :: step 1 :: journeys/test_j04_workspace_goal_collaboration.py::test_j04_workspace_goal_audit_pass_extensions_contract" time="0.000" /><testcase classname="unknown" name="journeys/test_j06_operator_incident_response.py::test_j06_fr520_incident_runbook_postmortem_dashboard_contract :: step 1 :: journeys/test_j06_operator_incident_response.py::test_j06_fr520_incident_runbook_postmortem_dashboard_contract" time="0.000" /><testcase classname="unknown" name="journeys/test_j03_consumer_discovery_execution.py::test_j03_consumer_audit_pass_extensions_contract :: step 1 :: journeys/test_j03_consumer_discovery_execution.py::test_j03_consumer_audit_pass_extensions_contract" time="0.000" /><testcase classname="unknown" name="journeys/test_j07_evaluator_improvement_loop.py::test_j07_fr520_fairness_catalog_fallback_extension_contract :: step 1 :: journeys/test_j07_evaluator_improvement_loop.py::test_j07_fr520_fairness_catalog_fallback_extension_contract" time="0.000" /></testsuite></testsuites>