<?xml version='1.0' encoding='utf-8'?>
<testsuites><testsuite name="unknown" tests="7" failures="0"><testcase classname="unknown" name="journeys/test_helpers_contract.py::test_mint_access_token_includes_workspace_claims :: step 1 :: journeys/test_helpers_contract.py::test_mint_access_token_includes_workspace_claims" time="0.000" /><testcase classname="unknown" name="journeys/test_helpers_contract.py::test_oauth_provider_payload_uses_expected_defaults :: step 1 :: journeys/test_helpers_contract.py::test_oauth_provider_payload_uses_expected_defaults" time="0.000" /><testcase classname="unknown" name="journeys/test_helpers_contract.py::test_create_governance_chain_validates_roles_and_updates_workspace_chain :: step 1 :: journeys/test_helpers_contract.py::test_create_governance_chain_validates_roles_and_updates_workspace_chain" time="0.001" /><testcase classname="unknown" name="journeys/test_helpers_contract.py::test_create_governance_chain_rejects_wrong_agent_role :: step 1 :: journeys/test_helpers_contract.py::test_create_governance_chain_rejects_wrong_agent_role" time="0.001" /><testcase classname="unknown" name="journeys/test_helpers_contract.py::test_grant_required_consents_records_all_privacy_choices :: step 1 :: journeys/test_helpers_contract.py::test_grant_required_consents_records_all_privacy_choices" time="0.000" /><testcase classname="unknown" name="journeys/test_helpers_contract.py::test_subscribe_ws_uses_ws_hub_protocol_and_consumes_handshake :: step 1 :: journeys/test_helpers_contract.py::test_subscribe_ws_uses_ws_hub_protocol_and_consumes_handshake" time="0.000" /><testcase classname="unknown" name="journeys/test_helpers_contract.py::test_subscribe_ws_buffers_events_before_confirmation :: step 1 :: journeys/test_helpers_contract.py::test_subscribe_ws_buffers_events_before_confirmation" time="0.000" /></testsuite></testsuites>